<?xml version="1.0" encoding="UTF-8"?>
<!-- Generated by org.testng.reporters.JUnitXMLReporter -->
<testsuite ignored="0" hostname="AMITs-MacBook-Pro.local" failures="0" tests="3" name="Regression" time="5.327" errors="0" timestamp="2026-06-10T08:21:39 IST">
  <testcase classname="Test.PaymentTest" name="paymentTest" time="0.441"/>
  <testcase classname="Test.LoginTest" name="loginTest" time="0.964"/>
  <testcase classname="Test.SearchTest" name="searchTest" time="2.253"/>
</testsuite> <!-- Regression -->
