<?xml version="1.0" encoding="UTF-8"?>
<!-- Generated by org.testng.reporters.JUnitXMLReporter -->
<testsuite ignored="0" hostname="AMITs-MacBook-Pro.local" failures="0" tests="3" name="RegressionGrid" time="0.06" errors="0" timestamp="2026-06-10T08:21:39 IST">
  <testcase classname="Grid.PaymentTestGrid" name="paymentTest" time="0.0">
    <skipped/>
  </testcase> <!-- paymentTest -->
  <testcase classname="Grid.SearchTestGrid" name="searchTest" time="0.0">
    <skipped/>
  </testcase> <!-- searchTest -->
  <testcase classname="Grid.LoginTestGrid" name="loginTest" time="0.0">
    <skipped/>
  </testcase> <!-- loginTest -->
</testsuite> <!-- RegressionGrid -->
