<?xml version="1.0" encoding="UTF-8"?>
<!-- Generated by org.testng.reporters.JUnitXMLReporter -->
<testsuite ignored="0" hostname="AMITs-MacBook-Pro.local" failures="0" tests="3" name="Regression" time="57.005" errors="0" timestamp="2026-06-09T18:35:00 IST">
  <testcase classname="Test.LoginTest" name="loginTest" time="0.958"/>
  <testcase classname="Test.SearchTest" name="searchTest" time="2.581"/>
  <testcase classname="Test.PaymentTest" name="paymentTest" time="3.724"/>
</testsuite> <!-- Regression -->
