<?xml version="1.0" encoding="UTF-8"?>
<testng-results ignored="0" total="3" passed="3" failed="0" skipped="0">
  <reporter-output>
  </reporter-output>
  <suite started-at="2026-06-09T18:34:03 IST" name="ParallelSuite" finished-at="2026-06-09T18:35:00 IST" duration-ms="57005">
    <groups>
    </groups>
    <test started-at="2026-06-09T18:34:03 IST" name="Regression" finished-at="2026-06-09T18:35:00 IST" duration-ms="57005">
      <class name="Test.SearchTest">
        <test-method is-config="true" signature="setup(java.lang.String)[pri:0, instance:Test.SearchTest@6f36c2f0]" started-at="2026-06-09T18:34:03 IST" name="setup" finished-at="2026-06-09T18:34:56 IST" duration-ms="53181" status="PASS">
          <params>
            <param index="0">
              <value>
                <![CDATA[chrome]]>
              </value>
            </param>
          </params>
          <reporter-output>
          </reporter-output>
        </test-method> <!-- setup -->
        <test-method signature="searchTest()[pri:0, instance:Test.SearchTest@6f36c2f0]" started-at="2026-06-09T18:34:56 IST" name="searchTest" finished-at="2026-06-09T18:34:59 IST" duration-ms="2581" status="PASS">
          <reporter-output>
          </reporter-output>
        </test-method> <!-- searchTest -->
        <test-method is-config="true" signature="tearDown()[pri:0, instance:Test.SearchTest@6f36c2f0]" started-at="2026-06-09T18:34:59 IST" name="tearDown" finished-at="2026-06-09T18:34:59 IST" duration-ms="86" status="PASS">
          <reporter-output>
          </reporter-output>
        </test-method> <!-- tearDown -->
      </class> <!-- Test.SearchTest -->
      <class name="Test.PaymentTest">
        <test-method is-config="true" signature="setup(java.lang.String)[pri:0, instance:Test.PaymentTest@383dc82c]" started-at="2026-06-09T18:34:03 IST" name="setup" finished-at="2026-06-09T18:34:56 IST" duration-ms="53181" status="PASS">
          <params>
            <param index="0">
              <value>
                <![CDATA[chrome]]>
              </value>
            </param>
          </params>
          <reporter-output>
          </reporter-output>
        </test-method> <!-- setup -->
        <test-method signature="paymentTest()[pri:0, instance:Test.PaymentTest@383dc82c]" started-at="2026-06-09T18:34:56 IST" name="paymentTest" finished-at="2026-06-09T18:35:00 IST" duration-ms="3724" status="PASS">
          <reporter-output>
          </reporter-output>
        </test-method> <!-- paymentTest -->
        <test-method is-config="true" signature="tearDown()[pri:0, instance:Test.PaymentTest@383dc82c]" started-at="2026-06-09T18:35:00 IST" name="tearDown" finished-at="2026-06-09T18:35:00 IST" duration-ms="86" status="PASS">
          <reporter-output>
          </reporter-output>
        </test-method> <!-- tearDown -->
      </class> <!-- Test.PaymentTest -->
      <class name="Test.LoginTest">
        <test-method is-config="true" signature="setup(java.lang.String)[pri:0, instance:Test.LoginTest@3214ee6]" started-at="2026-06-09T18:34:03 IST" name="setup" finished-at="2026-06-09T18:34:56 IST" duration-ms="53180" status="PASS">
          <params>
            <param index="0">
              <value>
                <![CDATA[chrome]]>
              </value>
            </param>
          </params>
          <reporter-output>
          </reporter-output>
        </test-method> <!-- setup -->
        <test-method signature="loginTest()[pri:0, instance:Test.LoginTest@3214ee6]" started-at="2026-06-09T18:34:56 IST" name="loginTest" finished-at="2026-06-09T18:34:57 IST" duration-ms="958" status="PASS">
          <reporter-output>
          </reporter-output>
        </test-method> <!-- loginTest -->
        <test-method is-config="true" signature="tearDown()[pri:0, instance:Test.LoginTest@3214ee6]" started-at="2026-06-09T18:34:57 IST" name="tearDown" finished-at="2026-06-09T18:34:57 IST" duration-ms="104" status="PASS">
          <reporter-output>
          </reporter-output>
        </test-method> <!-- tearDown -->
      </class> <!-- Test.LoginTest -->
    </test> <!-- Regression -->
  </suite> <!-- ParallelSuite -->
</testng-results>
