<?xml version="1.0" encoding="UTF-8"?>
<!-- Generated by org.testng.reporters.JUnitReportReporter -->
<testsuite hostname="AMITs-MacBook-Pro.local" failures="0" tests="2" name="Grid.SearchTestGrid" time="0.050" errors="1" timestamp="2026-06-10T08:21:39 IST" skipped="1">
  <testcase classname="Grid.SearchTestGrid" name="setup" time="0.050">
    <error message="Could not start a new session. Possible causes are invalid address of the remote server or browser start-up failure. 
Host info: host: &#039;AMITs-MacBook-Pro.local&#039;, ip: &#039;2405:201:401a:d0fe:bce8:5671:6778:73b3%en0&#039;
Build info: version: &#039;4.33.0&#039;, revision: &#039;2c6aaad03a&#039;
System info: os.name: &#039;Mac OS X&#039;, os.arch: &#039;aarch64&#039;, os.version: &#039;26.4&#039;, java.version: &#039;23.0.1&#039;
Driver info: org.openqa.selenium.remote.RemoteWebDriver
Command: [null, newSession {capabilities=[Capabilities {browserName: chrome, goog:chromeOptions: {args: [], extensions: []}}]}]
Capabilities {browserName: chrome, goog:chromeOptions: {args: [], extensions: []}}" type="org.openqa.selenium.SessionNotCreatedException">
      <![CDATA[org.openqa.selenium.SessionNotCreatedException: Could not start a new session. Possible causes are invalid address of the remote server or browser start-up failure. 
Host info: host: 'AMITs-MacBook-Pro.local', ip: '2405:201:401a:d0fe:bce8:5671:6778:73b3%en0'
Build info: version: '4.33.0', revision: '2c6aaad03a'
System info: os.name: 'Mac OS X', os.arch: 'aarch64', os.version: '26.4', java.version: '23.0.1'
Driver info: org.openqa.selenium.remote.RemoteWebDriver
Command: [null, newSession {capabilities=[Capabilities {browserName: chrome, goog:chromeOptions: {args: [], extensions: []}}]}]
Capabilities {browserName: chrome, goog:chromeOptions: {args: [], extensions: []}}
at org.openqa.selenium.remote.RemoteWebDriver.execute(RemoteWebDriver.java:562)
at org.openqa.selenium.remote.RemoteWebDriver.startSession(RemoteWebDriver.java:244)
at org.openqa.selenium.remote.RemoteWebDriver.<init>(RemoteWebDriver.java:173)
at org.openqa.selenium.remote.RemoteWebDriver.<init>(RemoteWebDriver.java:151)
at Utils.DriverFactoryGrid.initDriver(DriverFactoryGrid.java:26)
at Grid.BaseTestGrid.setup(BaseTestGrid.java:20)
at java.base/jdk.internal.reflect.DirectMethodHandleAccessor.invoke(DirectMethodHandleAccessor.java:103)
at java.base/java.lang.reflect.Method.invoke(Method.java:580)
at org.testng.internal.invokers.MethodInvocationHelper.invokeMethod(MethodInvocationHelper.java:141)
at org.testng.internal.invokers.MethodInvocationHelper.invokeMethodConsideringTimeout(MethodInvocationHelper.java:71)
at org.testng.internal.invokers.ConfigInvoker.invokeConfigurationMethod(ConfigInvoker.java:400)
at org.testng.internal.invokers.ConfigInvoker.invokeConfigurations(ConfigInvoker.java:333)
at org.testng.internal.invokers.TestInvoker.runConfigMethods(TestInvoker.java:836)
at org.testng.internal.invokers.TestInvoker.invokeMethod(TestInvoker.java:601)
at org.testng.internal.invokers.TestInvoker.invokeTestMethod(TestInvoker.java:230)
at org.testng.internal.invokers.MethodRunner.runInSequence(MethodRunner.java:63)
at org.testng.internal.invokers.TestInvoker$MethodInvocationAgent.invoke(TestInvoker.java:995)
at org.testng.internal.invokers.TestInvoker.invokeTestMethods(TestInvoker.java:203)
at org.testng.internal.invokers.TestMethodWorker.invokeTestMethods(TestMethodWorker.java:154)
at org.testng.internal.invokers.TestMethodWorker.run(TestMethodWorker.java:134)
at java.base/java.util.concurrent.Executors$RunnableAdapter.call(Executors.java:572)
at java.base/java.util.concurrent.FutureTask.run(FutureTask.java:317)
at org.testng.internal.thread.graph.TestNGFutureTask.run(TestNGFutureTask.java:22)
at java.base/java.util.concurrent.ThreadPoolExecutor.runWorker(ThreadPoolExecutor.java:1144)
at java.base/java.util.concurrent.ThreadPoolExecutor$Worker.run(ThreadPoolExecutor.java:642)
at java.base/java.lang.Thread.run(Thread.java:1575)
Caused by: java.io.UncheckedIOException: java.net.ConnectException
at org.openqa.selenium.remote.http.jdk.JdkHttpClient.execute0(JdkHttpClient.java:500)
at org.openqa.selenium.remote.http.AddSeleniumUserAgent.lambda$apply$0(AddSeleniumUserAgent.java:42)
at org.openqa.selenium.remote.http.Filter.lambda$andFinally$1(Filter.java:55)
at org.openqa.selenium.remote.http.jdk.JdkHttpClient.lambda$executeAsync$2(JdkHttpClient.java:387)
at java.base/java.util.concurrent.Executors$RunnableAdapter.call(Executors.java:572)
at java.base/java.util.concurrent.FutureTask.run(FutureTask.java:317)
... 3 more
Caused by: java.net.ConnectException
at java.net.http/jdk.internal.net.http.HttpClientImpl.send(HttpClientImpl.java:956)
at java.net.http/jdk.internal.net.http.HttpClientFacade.send(HttpClientFacade.java:133)
at org.openqa.selenium.remote.http.jdk.JdkHttpClient.execute0(JdkHttpClient.java:459)
... 8 more
Caused by: java.net.ConnectException
at java.net.http/jdk.internal.net.http.common.Utils.toConnectException(Utils.java:1082)
at java.net.http/jdk.internal.net.http.PlainHttpConnection.connectAsync(PlainHttpConnection.java:227)
at java.net.http/jdk.internal.net.http.PlainHttpConnection.checkRetryConnect(PlainHttpConnection.java:280)
at java.net.http/jdk.internal.net.http.PlainHttpConnection.lambda$connectAsync$2(PlainHttpConnection.java:238)
at java.base/java.util.concurrent.CompletableFuture.uniHandle(CompletableFuture.java:978)
at java.base/java.util.concurrent.CompletableFuture$UniHandle.tryFire(CompletableFuture.java:955)
at java.base/java.util.concurrent.CompletableFuture.postComplete(CompletableFuture.java:554)
at java.base/java.util.concurrent.CompletableFuture$AsyncSupply.run(CompletableFuture.java:1817)
... 3 more
Caused by: java.nio.channels.ClosedChannelException
at java.base/sun.nio.ch.SocketChannelImpl.ensureOpen(SocketChannelImpl.java:204)
at java.base/sun.nio.ch.SocketChannelImpl.connect(SocketChannelImpl.java:958)
at java.net.http/jdk.internal.net.http.PlainHttpConnection.lambda$connectAsync$1(PlainHttpConnection.java:210)
at java.base/java.security.AccessController.doPrivileged(AccessController.java:571)
at java.net.http/jdk.internal.net.http.PlainHttpConnection.connectAsync(PlainHttpConnection.java:212)
... 9 more
]]>
    </error>
  </testcase> <!-- setup -->
  <testcase classname="Grid.SearchTestGrid" name="searchTest" time="0.000">
    <skipped/>
  </testcase> <!-- searchTest -->
</testsuite> <!-- Grid.SearchTestGrid -->
